<?xml version="1.0" encoding="UTF-8"?>
<!-- Generated by org.testng.reporters.JUnitXMLReporter -->
<testsuite ignored="2" hostname="DESKTOP-MM5BO7C" failures="2" tests="5" name="Test" time="7.095" errors="0" timestamp="2022-08-05T19:25:08 IST">
  <testcase classname="tests.LoginTest" name="verifybuttontext" time="0.049">
    <failure type="java.lang.AssertionError" message="The following asserts failed:
	expected [LOGINNN] but found []">
      <![CDATA[java.lang.AssertionError: The following asserts failed:
expected [LOGINNN] but found []
at tests.LoginTest.verifybuttontext(LoginTest.java:25)
at java.base/java.util.ArrayList.forEach(ArrayList.java:1511)
... Removed 33 stack frames]]>
    </failure>
  </testcase> <!-- verifybuttontext -->
  <testcase classname="tests.LoginTest" name="login" time="4.823"/>
  <testcase classname="tests.HomeTest02" name="Verify2" time="0.069">
    <failure type="java.lang.AssertionError" message="The following asserts failed:
	expected [false] but found [true]">
      <![CDATA[java.lang.AssertionError: The following asserts failed:
expected [false] but found [true]
at tests.HomeTest02.Verify2(HomeTest02.java:27)
at java.base/java.util.ArrayList.forEach(ArrayList.java:1511)
... Removed 33 stack frames]]>
    </failure>
  </testcase> <!-- Verify2 -->
  <testcase classname="tests.HomeTest02" name="Profile2" time="0.061"/>
  <testcase classname="tests.HomeTest02" name="Logout2" time="1.641"/>
  <testcase classname="tests.BaseTest" name="@BeforeSuite init" time="0.0">
    <ignored/>
  </testcase> <!-- @BeforeSuite init -->
  <testcase classname="tests.BaseTest" name="@AfterSuite tearDown" time="0.0">
    <ignored/>
  </testcase> <!-- @AfterSuite tearDown -->
</testsuite> <!-- Test -->
